<?xml version="1.0" encoding="UTF-8"?>
<testng-results skipped="0" failed="0" total="1" passed="1">
  <reporter-output>
  </reporter-output>
  <suite name="Default suite" duration-ms="11907" started-at="2020-07-12T05:28:49Z" finished-at="2020-07-12T05:29:01Z">
    <groups>
    </groups>
    <test name="Default test" duration-ms="11907" started-at="2020-07-12T05:28:49Z" finished-at="2020-07-12T05:29:01Z">
      <class name="CrawData.crawVideo">
        <test-method status="PASS" signature="Crawl_01()[pri:0, instance:CrawData.crawVideo@121314f7]" name="Crawl_01" duration-ms="11869" started-at="2020-07-12T14:28:49Z" finished-at="2020-07-12T14:29:01Z">
          <reporter-output>
          </reporter-output>
        </test-method> <!-- Crawl_01 -->
      </class> <!-- CrawData.crawVideo -->
    </test> <!-- Default test -->
  </suite> <!-- Default suite -->
</testng-results>
